1        1   (0)      1  : 0.0000 0.0000 1.0000
2        2   (0)      1  : 0.0000 0.0000 1.0000
3        3   (0)      1  : 0.7296 0.1956 0.0749
4        4   (0)      1  : 0.0000 0.0000 1.0000
5        5   (0)      1  : 0.7911 0.1455 0.0633
6        6   (0)      1  : 0.0000 0.0000 1.0000
7        7   (0)      1  : 0.8422 0.0981 0.0597
8        8   (0)      1  : 0.9295 0.0705 0.0000
9        9   (0)      1  : 0.6045 0.0000 0.3955
10       10   (0)      1  : 0.8770 0.0000 0.1230
11       11   (0)      2  : 1.0000 0.0000 0.0000
12       12   (0)      2  : 1.0000 0.0000 0.0000
13       13   (0)      2  : 0.7611 0.1855 0.0535
14       14   (0)      2  : 0.9546 0.0454 0.0000
15       15   (0)      2  : 0.7054 0.0854 0.2092
16       16   (0)      2  : 1.0000 0.0000 0.0000
17       17   (0)      2  : 0.7558 0.1254 0.1188
18       18   (0)      3  : 0.8710 0.1029 0.0260
19       19   (0)      3  : 0.8831 0.0000 0.1169
20       20   (0)      3  : 0.7921 0.1212 0.0866
21       21   (0)      3  : 0.7760 0.1584 0.0656
22       22   (0)      3  : 0.8590 0.0000 0.1410
23       23   (0)      3  : 0.9592 0.0000 0.0408
24       24   (0)      3  : 0.8345 0.0000 0.1655
25       25   (0)      3  : 1.0000 0.0000 0.0000
26       26   (0)      3  : 0.0000 1.0000 0.0000
27       27   (0)      3  : 0.9990 0.0000 0.0010
28       28   (0)      4  : 1.0000 0.0000 0.0000
29       29   (0)      4  : 0.9479 0.0000 0.0521
30       30   (0)      4  : 0.7273 0.1910 0.0817
31       31   (0)      5  : 0.0000 1.0000 0.0000
32       32   (0)      5  : 1.0000 0.0000 0.0000
33       33   (0)      5  : 0.9046 0.0954 0.0000
34       34   (0)      5  : 0.0000 1.0000 0.0000
35       35   (0)      5  : 0.0000 1.0000 0.0000
36       36   (0)      5  : 0.0000 1.0000 0.0000
